Using pre-set license
Built from 'trunk' branch; Version is '2022.2.0a12 (6dc2c1c4a088) revision 7193281'; Using compiler version '192829333'; Build Type 'Release'
OS: 'Windows 10  (10.0.19044) 64bit Professional' Language: 'en' Physical Memory: 65273 MB
BatchMode: 1, IsHumanControllingUs: 0, StartBugReporterOnCrash: 0, Is64bit: 1, IsPro: 1

COMMAND LINE ARGUMENTS:
D:\UnityEditor\2022.2.0a12\Editor\Unity.exe
-adb2
-batchMode
-noUpm
-name
AssetImportWorker0
-projectPath
E:/Github/FastVolumetricLight-URP
-logFile
Logs/AssetImportWorker0.log
-srvPort
61828
Successfully changed project path to: E:/Github/FastVolumetricLight-URP
E:/Github/FastVolumetricLight-URP
[UnityMemory] Configuration Parameters - Can be set up in boot.config
    "memorysetup-bucket-allocator-granularity=16"
    "memorysetup-bucket-allocator-bucket-count=8"
    "memorysetup-bucket-allocator-block-size=33554432"
    "memorysetup-bucket-allocator-block-count=8"
    "memorysetup-main-allocator-block-size=16777216"
    "memorysetup-thread-allocator-block-size=16777216"
    "memorysetup-gfx-main-allocator-block-size=16777216"
    "memorysetup-gfx-thread-allocator-block-size=16777216"
    "memorysetup-cache-allocator-block-size=4194304"
    "memorysetup-typetree-allocator-block-size=2097152"
    "memorysetup-profiler-bucket-allocator-granularity=16"
    "memorysetup-profiler-bucket-allocator-bucket-count=8"
    "memorysetup-profiler-bucket-allocator-block-size=33554432"
    "memorysetup-profiler-bucket-allocator-block-count=8"
    "memorysetup-profiler-allocator-block-size=16777216"
    "memorysetup-profiler-editor-allocator-block-size=1048576"
    "memorysetup-temp-allocator-size-main=16777216"
    "memorysetup-job-temp-allocator-block-size=2097152"
    "memorysetup-job-temp-allocator-block-size-background=1048576"
    "memorysetup-job-temp-allocator-reduction-small-platforms=262144"
    "memorysetup-temp-allocator-size-background-worker=32768"
    "memorysetup-temp-allocator-size-job-worker=262144"
    "memorysetup-temp-allocator-size-preload-manager=33554432"
    "memorysetup-temp-allocator-size-nav-mesh-worker=65536"
    "memorysetup-temp-allocator-size-audio-worker=65536"
    "memorysetup-temp-allocator-size-cloud-worker=32768"
    "memorysetup-temp-allocator-size-gi-baking-worker=262144"
    "memorysetup-temp-allocator-size-gfx=262144"
Initialize engine version: 2022.2.0a12 (6dc2c1c4a088)
[Subsystems] Discovering subsystems at path D:/UnityEditor/2022.2.0a12/Editor/Data/Resources/UnitySubsystems
[Subsystems] Discovering subsystems at path E:/Github/FastVolumetricLight-URP/Assets
GfxDevice: creating device client; threaded=0; jobified=0
Direct3D:
    Version:  Direct3D 11.0 [level 11.1]
    Renderer: NVIDIA GeForce RTX 3060 (ID=0x2503)
    Vendor:   NVIDIA
    VRAM:     12142 MB
    Driver:   30.0.15.1215
Initialize mono
Mono path[0] = 'D:/UnityEditor/2022.2.0a12/Editor/Data/Managed'
Mono path[1] = 'D:/UnityEditor/2022.2.0a12/Editor/Data/MonoBleedingEdge/lib/mono/unityjit-win32'
Mono config path = 'D:/UnityEditor/2022.2.0a12/Editor/Data/MonoBleedingEdge/etc'
Using monoOptions --debugger-agent=transport=dt_socket,embedding=1,server=y,suspend=n,address=127.0.0.1:56788
Begin MonoManager ReloadAssembly
Registering precompiled unity dll's ...
Register platform support module: D:/UnityEditor/2022.2.0a12/Editor/Data/PlaybackEngines/WindowsStandaloneSupport/UnityEditor.WindowsStandalone.Extensions.dll
Registered in 0.002843 seconds.
Refreshing native plugins compatible for Editor in 80.79 ms, found 3 plugins.
- Loaded All Assemblies, in  0.338 seconds
Native extension for WindowsStandalone target not found
Mono: successfully reloaded assembly
- Finished resetting the current domain, in  0.237 seconds
Domain Reload Profiling:
	ReloadAssembly (237ms)
		BeginReloadAssembly (67ms)
			ExecutionOrderSort (0ms)
			DisableScriptedObjects (0ms)
			BackupInstance (0ms)
			ReleaseScriptingObjects (0ms)
			CreateAndSetChildDomain (1ms)
		LoadAllAssembliesAndSetupDomain (0ms)
			LoadAssemblies (66ms)
			RebuildTransferFunctionScriptingTraits (0ms)
			SetupTypeCache (98ms)
				TypeCache.Initialize (97ms)
					TypeCache.ScanAssembly (96ms)
				ResolveRequiredComponents (0ms)
		FinalizeReload (0ms)
			ReleaseScriptCaches (0ms)
			RebuildScriptCaches (0ms)
			SetupLoadedEditorAssemblies (169ms)
				LogAssemblyErrors (0ms)
				InitializePlatformSupportModulesInManaged (6ms)
				SetLoadedEditorAssemblies (6ms)
				RefreshPlugins (0ms)
				BeforeProcessingInitializeOnLoad (1ms)
				ProcessInitializeOnLoadAttributes (115ms)
				ProcessInitializeOnLoadMethodAttributes (39ms)
				AfterProcessingInitializeOnLoad (0ms)
				EditorAssembliesLoaded (0ms)
			ExecutionOrderSort2 (0ms)
			AwakeInstancesAfterBackupRestoration (0ms)
========================================================================
Worker process is ready to serve import requests
Registering precompiled user dll's ...
Registered in 0.000810 seconds.
Begin MonoManager ReloadAssembly
Symbol file LoadedFromMemory doesn't match image E:\Github\FastVolumetricLight-URP\Library\PackageCache\com.unity.visualscripting@1.7.6\Editor\VisualScripting.Core\Dependencies\DotNetZip\Unity.VisualScripting.IonicZip.dll
Symbol file LoadedFromMemory doesn't match image E:\Github\FastVolumetricLight-URP\Library\PackageCache\com.unity.visualscripting@1.7.6\Editor\VisualScripting.Core\Dependencies\YamlDotNet\Unity.VisualScripting.YamlDotNet.dll
- Loaded All Assemblies, in  0.618 seconds
Refreshing native plugins compatible for Editor in 3.47 ms, found 3 plugins.
Native extension for WindowsStandalone target not found
Mono: successfully reloaded assembly
- Finished resetting the current domain, in  0.563 seconds
Domain Reload Profiling:
	ReloadAssembly (189ms)
		BeginReloadAssembly (104ms)
			ExecutionOrderSort (0ms)
			DisableScriptedObjects (5ms)
			BackupInstance (0ms)
			ReleaseScriptingObjects (0ms)
			CreateAndSetChildDomain (18ms)
		LoadAllAssembliesAndSetupDomain (429ms)
			LoadAssemblies (87ms)
			RebuildTransferFunctionScriptingTraits (0ms)
			SetupTypeCache (391ms)
				TypeCache.Initialize (231ms)
					TypeCache.ScanAssembly (227ms)
				ResolveRequiredComponents (12ms)
		FinalizeReload (0ms)
			ReleaseScriptCaches (0ms)
			RebuildScriptCaches (0ms)
			SetupLoadedEditorAssemblies (408ms)
				LogAssemblyErrors (0ms)
				InitializePlatformSupportModulesInManaged (4ms)
				SetLoadedEditorAssemblies (6ms)
				RefreshPlugins (0ms)
				BeforeProcessingInitializeOnLoad (80ms)
				ProcessInitializeOnLoadAttributes (246ms)
				ProcessInitializeOnLoadMethodAttributes (70ms)
				AfterProcessingInitializeOnLoad (2ms)
				EditorAssembliesLoaded (0ms)
			ExecutionOrderSort2 (0ms)
			AwakeInstancesAfterBackupRestoration (6ms)
Launched and connected shader compiler UnityShaderCompiler.exe after 0.14 seconds
Refreshing native plugins compatible for Editor in 0.89 ms, found 3 plugins.
Preloading 0 native plugins for Editor in 0.00 ms.
Unloading 5131 Unused Serialized files (Serialized files now loaded: 0)
Unloading 30 unused Assets / (350.5 KB). Loaded Objects now: 5595.
Memory consumption went from 0.77 GB to 0.77 GB.
Total: 3.214700 ms (FindLiveObjects: 0.395400 ms CreateObjectMapping: 0.374400 ms MarkObjects: 2.313900 ms  DeleteObjects: 0.130300 ms)

AssetImportParameters requested are different than current active one (requested -> active):
  custom:container-demuxer-ogg: 62fdf1f143b41e24485cea50d1cbac27 -> 
  custom:video-decoder-ogg-theora: a1e56fd34408186e4bbccfd4996cb3dc -> 
  custom:framework-win-MediaFoundation: 216162199b28c13a410421893ffa2e32 -> 
  custom:container-demuxer-webm: 4f35f7cbe854078d1ac9338744f61a02 -> 
  custom:container-muxer-webm: aa71ff27fc2769a1b78a27578f13a17b -> 
  custom:video-decoder-webm-vp8: 9c59270c3fd7afecdb556c50c9e8de78 -> 
  custom:video-encoder-webm-vp8: eb34c28f22e8b96e1ab97ce403110664 -> 
  custom:audio-decoder-ogg-vorbis: bf7c407c2cedff20999df2af8eb42d56 -> 
  custom:audio-encoder-webm-vorbis: bf7c407c2cedff20999df2af8eb42d56 -> 
========================================================================
Received Import Request.
  Time since last request: 109703.029160 seconds.
  path: Assets/VolumetricTracer/Texture/Noise
  artifactKey: Guid(9e476e53c016e674b86139e78e863a8b) Importer(815301076,1909f56bfc062723c751e8b465ee728b)
Number of updated assets reloaded before import = 0
Start importing Assets/VolumetricTracer/Texture/Noise using Guid(9e476e53c016e674b86139e78e863a8b) Importer(815301076,1909f56bfc062723c751e8b465ee728b)  -> (artifact id: 'b8a32e01a808c2ec1964ff64a7a63f7d') in 0.012869 seconds 
Number of asset objects unloaded after import = 0
========================================================================
Received Import Request.
  Time since last request: 167.825008 seconds.
  path: Assets/VolumetricTracer/Texture/BlueNoise16
  artifactKey: Guid(b61be3ab2417c574a80f6c308f6ddbce) Importer(815301076,1909f56bfc062723c751e8b465ee728b)
Number of updated assets reloaded before import = 1
Start importing Assets/VolumetricTracer/Texture/BlueNoise16 using Guid(b61be3ab2417c574a80f6c308f6ddbce) Importer(815301076,1909f56bfc062723c751e8b465ee728b)  -> (artifact id: 'b193b21c4b66c8f9fe58f764740c7fd1') in 0.005905 seconds 
Number of asset objects unloaded after import = 0
========================================================================
Received Import Request.
  Time since last request: 1.518486 seconds.
  path: Assets/VolumetricTracer/Texture/BlueNoise16/LDR_LLL1_2.png
  artifactKey: Guid(e1b5cc35db11f6a43944866f67677a76) Importer(815301076,1909f56bfc062723c751e8b465ee728b)
Number of updated assets reloaded before import = 0
Start importing Assets/VolumetricTracer/Texture/BlueNoise16/LDR_LLL1_2.png using Guid(e1b5cc35db11f6a43944866f67677a76) Importer(815301076,1909f56bfc062723c751e8b465ee728b)  -> (artifact id: 'a048fb765c4c7e70808535033a4ae93c') in 0.084958 seconds 
Number of asset objects unloaded after import = 2
========================================================================
Received Import Request.
  Time since last request: 3.567380 seconds.
  path: Assets/VolumetricTracer/Texture/BlueNoise16/LDR_LLL1_14.png
  artifactKey: Guid(cd8d70d51c72db54badf2671d43442c2) Importer(815301076,1909f56bfc062723c751e8b465ee728b)
Number of updated assets reloaded before import = 0
Start importing Assets/VolumetricTracer/Texture/BlueNoise16/LDR_LLL1_14.png using Guid(cd8d70d51c72db54badf2671d43442c2) Importer(815301076,1909f56bfc062723c751e8b465ee728b)  -> (artifact id: '774fd14587cd92fe508967e172fa3656') in 0.012116 seconds 
Number of asset objects unloaded after import = 2
========================================================================
Received Import Request.
  Time since last request: 0.561267 seconds.
  path: Assets/VolumetricTracer/Texture/BlueNoise16/LDR_LLL1_25.png
  artifactKey: Guid(07a4220f98def3d4ab6223e38bd22e80) Importer(815301076,1909f56bfc062723c751e8b465ee728b)
Number of updated assets reloaded before import = 0
Start importing Assets/VolumetricTracer/Texture/BlueNoise16/LDR_LLL1_25.png using Guid(07a4220f98def3d4ab6223e38bd22e80) Importer(815301076,1909f56bfc062723c751e8b465ee728b)  -> (artifact id: '116a56ddedc9e15a69cc333ef5a629a6') in 0.010802 seconds 
Number of asset objects unloaded after import = 2
========================================================================
Received Import Request.
  Time since last request: 0.309601 seconds.
  path: Assets/VolumetricTracer/Texture/BlueNoise16/LDR_LLL1_30.png
  artifactKey: Guid(81ad914131fa17748b839bbbb04623a3) Importer(815301076,1909f56bfc062723c751e8b465ee728b)
Number of updated assets reloaded before import = 0
Start importing Assets/VolumetricTracer/Texture/BlueNoise16/LDR_LLL1_30.png using Guid(81ad914131fa17748b839bbbb04623a3) Importer(815301076,1909f56bfc062723c751e8b465ee728b)  -> (artifact id: '0c123270f179a01f413579d645739385') in 0.025208 seconds 
Number of asset objects unloaded after import = 2
========================================================================
Received Import Request.
  Time since last request: 0.344005 seconds.
  path: Assets/VolumetricTracer/Texture/BlueNoise16/LDR_LLL1_31.png
  artifactKey: Guid(30f826d5ea99a774ca0b5f5fc00e88ba) Importer(815301076,1909f56bfc062723c751e8b465ee728b)
Number of updated assets reloaded before import = 0
Start importing Assets/VolumetricTracer/Texture/BlueNoise16/LDR_LLL1_31.png using Guid(30f826d5ea99a774ca0b5f5fc00e88ba) Importer(815301076,1909f56bfc062723c751e8b465ee728b)  -> (artifact id: '51796d2086ca6691c76d139b7bcc7b03') in 0.011211 seconds 
Number of asset objects unloaded after import = 2
========================================================================
Received Import Request.
  Time since last request: 388.340289 seconds.
  path: Assets/VolumetricTracer/Texture/BlueNoise16/LDR_LLL1_0.png
  artifactKey: Guid(28d367e165efae74e93f7d47c59222fd) Importer(815301076,1909f56bfc062723c751e8b465ee728b)
Number of updated assets reloaded before import = 1
Start importing Assets/VolumetricTracer/Texture/BlueNoise16/LDR_LLL1_0.png using Guid(28d367e165efae74e93f7d47c59222fd) Importer(815301076,1909f56bfc062723c751e8b465ee728b)  -> (artifact id: '0ce5be35ce65712d4d176cd945cdd171') in 0.013100 seconds 
Number of asset objects unloaded after import = 2
